# JRE version: OpenJDK Runtime Environment GraalVM CE 22.3.0 (17.0.5+8) (build 17.0.5+8-jvmci-22.3-b08)
# Java VM: OpenJDK 64-Bit Server VM GraalVM CE 22.3.0 (17.0.5+8-jvmci-22.3-b08, mixed mode, sharing, tiered, jvmci, jvmci compiler, compressed oops, compressed class ptrs, parallel gc, linux-amd64)
GC Precious Log:
 CPUs: 8 total, 1 available
 Memory: 1024M
 Large Page Support: Disabled
 NUMA Support: Disabled
 Compressed Oops: Enabled (32-bit)
 Alignments: Space 512K, Generation 512K, Heap 2M
 Heap Min Capacity: 100M
 Heap Initial Capacity: 100M
 Heap Max Capacity: 512M
 Pre-touch: Disabled
 Parallel Workers: 1
Heap:
 PSYoungGen      total 41984K, used 29184K [0x00000000f5580000, 0x00000000f9a80000, 0x0000000100000000)
  eden space 29184K, 100% used [0x00000000f5580000,0x00000000f7200000,0x00000000f7200000)
  from space 12800K, 0% used [0x00000000f7300000,0x00000000f7300000,0x00000000f7f80000)
  to   space 20480K, 0% used [0x00000000f8600000,0x00000000f8600000,0x00000000f9a00000)
 ParOldGen       total 349696K, used 349695K [0x00000000e0000000, 0x00000000f5580000, 0x00000000f5580000)
  object space 349696K, 99% used [0x00000000e0000000,0x00000000f557fff0,0x00000000f5580000)
 Metaspace       used 56385K, committed 57216K, reserved 1105920K
  class space    used 5503K, committed 5888K, reserved 1048576K
GC Heap History (20 events):
Event: 788.382 GC heap before
{Heap before GC invocations=541 (full 450):
 PSYoungGen      total 41984K, used 29184K [0x00000000f5580000, 0x00000000f9a80000, 0x0000000100000000)
  eden space 29184K, 100% used [0x00000000f5580000,0x00000000f7200000,0x00000000f7200000)
  from space 12800K, 0% used [0x00000000f7300000,0x00000000f7300000,0x00000000f7f80000)
  to   space 20480K, 0% used [0x00000000f8600000,0x00000000f8600000,0x00000000f9a00000)
 ParOldGen       total 349696K, used 349690K [0x00000000e0000000, 0x00000000f5580000, 0x00000000f5580000)
  object space 349696K, 99% used [0x00000000e0000000,0x00000000f557eb28,0x00000000f5580000)
 Metaspace       used 56385K, committed 57216K, reserved 1105920K
  class space    used 5503K, committed 5888K, reserved 1048576K
}
Event: 789.932 GC heap after
{Heap after GC invocations=541 (full 450):
 PSYoungGen      total 49664K, used 29183K [0x00000000f5580000, 0x00000000f9a80000, 0x0000000100000000)
  eden space 29184K, 99% used [0x00000000f5580000,0x00000000f71fffc0,0x00000000f7200000)
  from space 20480K, 0% used [0x00000000f8600000,0x00000000f8600000,0x00000000f9a00000)
  to   space 12800K, 0% used [0x00000000f7300000,0x00000000f7300000,0x00000000f7f80000)
 ParOldGen       total 349696K, used 349690K [0x00000000e0000000, 0x00000000f5580000, 0x00000000f5580000)
  object space 349696K, 99% used [0x00000000e0000000,0x00000000f557eb28,0x00000000f5580000)
 Metaspace       used 56385K, committed 57216K, reserved 1105920K
  class space    used 5503K, committed 5888K, reserved 1048576K
}
Event: 789.932 GC heap before
{Heap before GC invocations=542 (full 451):
 PSYoungGen      total 49664K, used 29184K [0x00000000f5580000, 0x00000000f9a80000, 0x0000000100000000)
  eden space 29184K, 100% used [0x00000000f5580000,0x00000000f7200000,0x00000000f7200000)
  from space 20480K, 0% used [0x00000000f8600000,0x00000000f8600000,0x00000000f9a00000)
  to   space 12800K, 0% used [0x00000000f7300000,0x00000000f7300000,0x00000000f7f80000)
 ParOldGen       total 349696K, used 349690K [0x00000000e0000000, 0x00000000f5580000, 0x00000000f5580000)
  object space 349696K, 99% used [0x00000000e0000000,0x00000000f557eb28,0x00000000f5580000)
 Metaspace       used 56385K, committed 57216K, reserved 1105920K
  class space    used 5503K, committed 5888K, reserved 1048576K
}
Event: 791.512 GC heap after
{Heap after GC invocations=542 (full 451):
 PSYoungGen      total 41984K, used 29183K [0x00000000f5580000, 0x00000000f9a80000, 0x0000000100000000)
  eden space 29184K, 99% used [0x00000000f5580000,0x00000000f71fffe0,0x00000000f7200000)
  from space 12800K, 0% used [0x00000000f7300000,0x00000000f7300000,0x00000000f7f80000)
  to   space 20480K, 0% used [0x00000000f8600000,0x00000000f8600000,0x00000000f9a00000)
 ParOldGen       total 349696K, used 349690K [0x00000000e0000000, 0x00000000f5580000, 0x00000000f5580000)
  object space 349696K, 99% used [0x00000000e0000000,0x00000000f557eb08,0x00000000f5580000)
 Metaspace       used 56385K, committed 57216K, reserved 1105920K
  class space    used 5503K, committed 5888K, reserved 1048576K
}
Event: 791.513 GC heap before
{Heap before GC invocations=543 (full 452):
 PSYoungGen      total 41984K, used 29184K [0x00000000f5580000, 0x00000000f9a80000, 0x0000000100000000)
  eden space 29184K, 100% used [0x00000000f5580000,0x00000000f7200000,0x00000000f7200000)
  from space 12800K, 0% used [0x00000000f7300000,0x00000000f7300000,0x00000000f7f80000)
  to   space 20480K, 0% used [0x00000000f8600000,0x00000000f8600000,0x00000000f9a00000)
 ParOldGen       total 349696K, used 349692K [0x00000000e0000000, 0x00000000f5580000, 0x00000000f5580000)
  object space 349696K, 99% used [0x00000000e0000000,0x00000000f557f3f0,0x00000000f5580000)
 Metaspace       used 56385K, committed 57216K, reserved 1105920K
  class space    used 5503K, committed 5888K, reserved 1048576K
}
Event: 793.101 GC heap after
{Heap after GC invocations=543 (full 452):
 PSYoungGen      total 49664K, used 29183K [0x00000000f5580000, 0x00000000f9a80000, 0x0000000100000000)
  eden space 29184K, 99% used [0x00000000f5580000,0x00000000f71ffe70,0x00000000f7200000)
  from space 20480K, 0% used [0x00000000f8600000,0x00000000f8600000,0x00000000f9a00000)
  to   space 12800K, 0% used [0x00000000f7300000,0x00000000f7300000,0x00000000f7f80000)
 ParOldGen       total 349696K, used 349691K [0x00000000e0000000, 0x00000000f5580000, 0x00000000f5580000)
  object space 349696K, 99% used [0x00000000e0000000,0x00000000f557eee0,0x00000000f5580000)
 Metaspace       used 56385K, committed 57216K, reserved 1105920K
  class space    used 5503K, committed 5888K, reserved 1048576K
}
Event: 793.102 GC heap before
{Heap before GC invocations=544 (full 453):
 PSYoungGen      total 49664K, used 29183K [0x00000000f5580000, 0x00000000f9a80000, 0x0000000100000000)
  eden space 29184K, 99% used [0x00000000f5580000,0x00000000f71ffff8,0x00000000f7200000)
  from space 20480K, 0% used [0x00000000f8600000,0x00000000f8600000,0x00000000f9a00000)
  to   space 12800K, 0% used [0x00000000f7300000,0x00000000f7300000,0x00000000f7f80000)
 ParOldGen       total 349696K, used 349691K [0x00000000e0000000, 0x00000000f5580000, 0x00000000f5580000)
  object space 349696K, 99% used [0x00000000e0000000,0x00000000f557eee0,0x00000000f5580000)
 Metaspace       used 56385K, committed 57216K, reserved 1105920K
  class space    used 5503K, committed 5888K, reserved 1048576K
}
Event: 794.608 GC heap after
{Heap after GC invocations=544 (full 453):
 PSYoungGen      total 41984K, used 29183K [0x00000000f5580000, 0x00000000f9a80000, 0x0000000100000000)
  eden space 29184K, 99% used [0x00000000f5580000,0x00000000f71ffff8,0x00000000f7200000)
  from space 12800K, 0% used [0x00000000f7300000,0x00000000f7300000,0x00000000f7f80000)
  to   space 20480K, 0% used [0x00000000f8600000,0x00000000f8600000,0x00000000f9a00000)
 ParOldGen       total 349696K, used 349691K [0x00000000e0000000, 0x00000000f5580000, 0x00000000f5580000)
  object space 349696K, 99% used [0x00000000e0000000,0x00000000f557eee0,0x00000000f5580000)
 Metaspace       used 56385K, committed 57216K, reserved 1105920K
  class space    used 5503K, committed 5888K, reserved 1048576K
}
Event: 794.609 GC heap before
{Heap before GC invocations=545 (full 454):
 PSYoungGen      total 41984K, used 29183K [0x00000000f5580000, 0x00000000f9a80000, 0x0000000100000000)
  eden space 29184K, 99% used [0x00000000f5580000,0x00000000f71ffff8,0x00000000f7200000)
  from space 12800K, 0% used [0x00000000f7300000,0x00000000f7300000,0x00000000f7f80000)
  to   space 20480K, 0% used [0x00000000f8600000,0x00000000f8600000,0x00000000f9a00000)
 ParOldGen       total 349696K, used 349695K [0x00000000e0000000, 0x00000000f5580000, 0x00000000f5580000)
  object space 349696K, 99% used [0x00000000e0000000,0x00000000f557ffd0,0x00000000f5580000)
 Metaspace       used 56385K, committed 57216K, reserved 1105920K
  class space    used 5503K, committed 5888K, reserved 1048576K
}
Event: 796.232 GC heap after
{Heap after GC invocations=545 (full 454):
 PSYoungGen      total 49664K, used 29182K [0x00000000f5580000, 0x00000000f9a80000, 0x0000000100000000)
  eden space 29184K, 99% used [0x00000000f5580000,0x00000000f71ffad8,0x00000000f7200000)
  from space 20480K, 0% used [0x00000000f8600000,0x00000000f8600000,0x00000000f9a00000)
  to   space 12800K, 0% used [0x00000000f7300000,0x00000000f7300000,0x00000000f7f80000)
 ParOldGen       total 349696K, used 349695K [0x00000000e0000000, 0x00000000f5580000, 0x00000000f5580000)
  object space 349696K, 99% used [0x00000000e0000000,0x00000000f557ffb8,0x00000000f5580000)
 Metaspace       used 56385K, committed 57216K, reserved 1105920K
  class space    used 5503K, committed 5888K, reserved 1048576K
}
Event: 796.232 GC heap before
{Heap before GC invocations=546 (full 455):
 PSYoungGen      total 49664K, used 29184K [0x00000000f5580000, 0x00000000f9a80000, 0x0000000100000000)
  eden space 29184K, 100% used [0x00000000f5580000,0x00000000f7200000,0x00000000f7200000)
  from space 20480K, 0% used [0x00000000f8600000,0x00000000f8600000,0x00000000f9a00000)
  to   space 12800K, 0% used [0x00000000f7300000,0x00000000f7300000,0x00000000f7f80000)
 ParOldGen       total 349696K, used 349695K [0x00000000e0000000, 0x00000000f5580000, 0x00000000f5580000)
  object space 349696K, 99% used [0x00000000e0000000,0x00000000f557ffb8,0x00000000f5580000)
 Metaspace       used 56385K, committed 57216K, reserved 1105920K
  class space    used 5503K, committed 5888K, reserved 1048576K
}
Event: 797.891 GC heap after
{Heap after GC invocations=546 (full 455):
 PSYoungGen      total 41984K, used 29183K [0x00000000f5580000, 0x00000000f9a80000, 0x0000000100000000)
  eden space 29184K, 99% used [0x00000000f5580000,0x00000000f71ffe08,0x00000000f7200000)
  from space 12800K, 0% used [0x00000000f7300000,0x00000000f7300000,0x00000000f7f80000)
  to   space 20480K, 0% used [0x00000000f8600000,0x00000000f8600000,0x00000000f9a00000)
 ParOldGen       total 349696K, used 349695K [0x00000000e0000000, 0x00000000f5580000, 0x00000000f5580000)
  object space 349696K, 99% used [0x00000000e0000000,0x00000000f557ff38,0x00000000f5580000)
 Metaspace       used 56385K, committed 57216K, reserved 1105920K
  class space    used 5503K, committed 5888K, reserved 1048576K
}
Event: 797.893 GC heap before
{Heap before GC invocations=547 (full 456):
 PSYoungGen      total 41984K, used 29183K [0x00000000f5580000, 0x00000000f9a80000, 0x0000000100000000)
  eden space 29184K, 99% used [0x00000000f5580000,0x00000000f71ffff0,0x00000000f7200000)
  from space 12800K, 0% used [0x00000000f7300000,0x00000000f7300000,0x00000000f7f80000)
  to   space 20480K, 0% used [0x00000000f8600000,0x00000000f8600000,0x00000000f9a00000)
 ParOldGen       total 349696K, used 349695K [0x00000000e0000000, 0x00000000f5580000, 0x00000000f5580000)
  object space 349696K, 99% used [0x00000000e0000000,0x00000000f557ff38,0x00000000f5580000)
 Metaspace       used 56385K, committed 57216K, reserved 1105920K
  class space    used 5503K, committed 5888K, reserved 1048576K
}
Event: 799.936 GC heap after
{Heap after GC invocations=547 (full 456):
 PSYoungGen      total 49664K, used 29183K [0x00000000f5580000, 0x00000000f9a80000, 0x0000000100000000)
  eden space 29184K, 99% used [0x00000000f5580000,0x00000000f71ffda8,0x00000000f7200000)
  from space 20480K, 0% used [0x00000000f8600000,0x00000000f8600000,0x00000000f9a00000)
  to   space 12800K, 0% used [0x00000000f7300000,0x00000000f7300000,0x00000000f7f80000)
 ParOldGen       total 349696K, used 349695K [0x00000000e0000000, 0x00000000f5580000, 0x00000000f5580000)
  object space 349696K, 99% used [0x00000000e0000000,0x00000000f557ff38,0x00000000f5580000)
 Metaspace       used 56385K, committed 57216K, reserved 1105920K
  class space    used 5503K, committed 5888K, reserved 1048576K
}
Event: 799.939 GC heap before
{Heap before GC invocations=548 (full 457):
 PSYoungGen      total 49664K, used 29183K [0x00000000f5580000, 0x00000000f9a80000, 0x0000000100000000)
  eden space 29184K, 99% used [0x00000000f5580000,0x00000000f71ffff8,0x00000000f7200000)
  from space 20480K, 0% used [0x00000000f8600000,0x00000000f8600000,0x00000000f9a00000)
  to   space 12800K, 0% used [0x00000000f7300000,0x00000000f7300000,0x00000000f7f80000)
 ParOldGen       total 349696K, used 349695K [0x00000000e0000000, 0x00000000f5580000, 0x00000000f5580000)
  object space 349696K, 99% used [0x00000000e0000000,0x00000000f557ff38,0x00000000f5580000)
 Metaspace       used 56385K, committed 57216K, reserved 1105920K
  class space    used 5503K, committed 5888K, reserved 1048576K
}
Event: 801.612 GC heap after
{Heap after GC invocations=548 (full 457):
 PSYoungGen      total 41984K, used 29183K [0x00000000f5580000, 0x00000000f9a80000, 0x0000000100000000)
  eden space 29184K, 99% used [0x00000000f5580000,0x00000000f71ffea0,0x00000000f7200000)
  from space 12800K, 0% used [0x00000000f7300000,0x00000000f7300000,0x00000000f7f80000)
  to   space 20480K, 0% used [0x00000000f8600000,0x00000000f8600000,0x00000000f9a00000)
 ParOldGen       total 349696K, used 349695K [0x00000000e0000000, 0x00000000f5580000, 0x00000000f5580000)
  object space 349696K, 99% used [0x00000000e0000000,0x00000000f557ff38,0x00000000f5580000)
 Metaspace       used 56385K, committed 57216K, reserved 1105920K
  class space    used 5503K, committed 5888K, reserved 1048576K
}
Event: 801.613 GC heap before
{Heap before GC invocations=549 (full 458):
 PSYoungGen      total 41984K, used 29183K [0x00000000f5580000, 0x00000000f9a80000, 0x0000000100000000)
  eden space 29184K, 99% used [0x00000000f5580000,0x00000000f71ffee8,0x00000000f7200000)
  from space 12800K, 0% used [0x00000000f7300000,0x00000000f7300000,0x00000000f7f80000)
  to   space 20480K, 0% used [0x00000000f8600000,0x00000000f8600000,0x00000000f9a00000)
 ParOldGen       total 349696K, used 349695K [0x00000000e0000000, 0x00000000f5580000, 0x00000000f5580000)
  object space 349696K, 99% used [0x00000000e0000000,0x00000000f557ff38,0x00000000f5580000)
 Metaspace       used 56385K, committed 57216K, reserved 1105920K
  class space    used 5503K, committed 5888K, reserved 1048576K
}
Event: 803.312 GC heap after
{Heap after GC invocations=549 (full 458):
 PSYoungGen      total 49664K, used 29183K [0x00000000f5580000, 0x00000000f9a80000, 0x0000000100000000)
  eden space 29184K, 99% used [0x00000000f5580000,0x00000000f71ffeb8,0x00000000f7200000)
  from space 20480K, 0% used [0x00000000f8600000,0x00000000f8600000,0x00000000f9a00000)
  to   space 12800K, 0% used [0x00000000f7300000,0x00000000f7300000,0x00000000f7f80000)
 ParOldGen       total 349696K, used 349695K [0x00000000e0000000, 0x00000000f5580000, 0x00000000f5580000)
  object space 349696K, 99% used [0x00000000e0000000,0x00000000f557ff38,0x00000000f5580000)
 Metaspace       used 56385K, committed 57216K, reserved 1105920K
  class space    used 5503K, committed 5888K, reserved 1048576K
}
Event: 803.312 GC heap before
{Heap before GC invocations=550 (full 459):
 PSYoungGen      total 49664K, used 29183K [0x00000000f5580000, 0x00000000f9a80000, 0x0000000100000000)
  eden space 29184K, 99% used [0x00000000f5580000,0x00000000f71ffeb8,0x00000000f7200000)
  from space 20480K, 0% used [0x00000000f8600000,0x00000000f8600000,0x00000000f9a00000)
  to   space 12800K, 0% used [0x00000000f7300000,0x00000000f7300000,0x00000000f7f80000)
 ParOldGen       total 349696K, used 349695K [0x00000000e0000000, 0x00000000f5580000, 0x00000000f5580000)
  object space 349696K, 99% used [0x00000000e0000000,0x00000000f557ff38,0x00000000f5580000)
 Metaspace       used 56385K, committed 57216K, reserved 1105920K
  class space    used 5503K, committed 5888K, reserved 1048576K
}
Event: 805.002 GC heap after
{Heap after GC invocations=550 (full 459):
 PSYoungGen      total 41984K, used 29183K [0x00000000f5580000, 0x00000000f9a80000, 0x0000000100000000)
  eden space 29184K, 99% used [0x00000000f5580000,0x00000000f71ffeb8,0x00000000f7200000)
  from space 12800K, 0% used [0x00000000f7300000,0x00000000f7300000,0x00000000f7f80000)
  to   space 20480K, 0% used [0x00000000f8600000,0x00000000f8600000,0x00000000f9a00000)
 ParOldGen       total 349696K, used 349695K [0x00000000e0000000, 0x00000000f5580000, 0x00000000f5580000)
  object space 349696K, 99% used [0x00000000e0000000,0x00000000f557ff38,0x00000000f5580000)
 Metaspace       used 56385K, committed 57216K, reserved 1105920K
  class space    used 5503K, committed 5888K, reserved 1048576K
}

